[debug] [2022-05-05T10:57:12.351Z] ----------------------------------------------------------------------
[debug] [2022-05-05T10:57:12.353Z] Command:       /usr/local/bin/firebase /Users/andy/.cache/firebase/tools/lib/node_modules/firebase-tools/lib/bin/firebase init
[debug] [2022-05-05T10:57:12.353Z] CLI Version:   10.7.1
[debug] [2022-05-05T10:57:12.353Z] Platform:      darwin
[debug] [2022-05-05T10:57:12.353Z] Node Version:  v12.18.1
[debug] [2022-05-05T10:57:12.354Z] Time:          Thu May 05 2022 18:57:12 GMT+0800 (Ulaanbaatar Standard Time)
[debug] [2022-05-05T10:57:12.354Z] ----------------------------------------------------------------------
[debug] 
[debug] [2022-05-05T10:57:12.364Z] > command requires scopes: ["email","openid","https://www.googleapis.com/auth/cloudplatformprojects.readonly","https://www.googleapis.com/auth/firebase","https://www.googleapis.com/auth/cloud-platform"]
[debug] [2022-05-05T10:57:12.365Z] > authorizing via signed-in user (anidas.com@gmail.com)
[info] 
     ######## #### ########  ######## ########     ###     ######  ########
     ##        ##  ##     ## ##       ##     ##  ##   ##  ##       ##
     ######    ##  ########  ######   ########  #########  ######  ######
     ##        ##  ##    ##  ##       ##     ## ##     ##       ## ##
     ##       #### ##     ## ######## ########  ##     ##  ######  ########

You're about to initialize a Firebase project in this directory:

  /Users/andy/Desktop/personal/Darkhan Deed/darkhandeed/frontend

[info] 
=== Project Setup
[info] 
[info] First, let's associate this project directory with a Firebase project.
[info] You can create multiple project aliases by running firebase use --add, 
[info] but for now we'll just set up a default project.
[info] 
[debug] [2022-05-05T10:57:16.006Z] >>> [apiv2][query] GET https://firebase.googleapis.com/v1beta1/projects pageSize=100
[debug] [2022-05-05T10:57:16.781Z] <<< [apiv2][status] GET https://firebase.googleapis.com/v1beta1/projects 200
[debug] [2022-05-05T10:57:16.781Z] <<< [apiv2][body] GET https://firebase.googleapis.com/v1beta1/projects [omitted]
[info] i  Using project darkhandeed-7d404 (DarkhanDeed) 
[info] 
=== Hosting Setup
[info] 
[info] Your public directory is the folder (relative to your project directory) that
[info] will contain Hosting assets to be uploaded with firebase deploy. If you
[info] have a build process for your assets, use your build's output directory.
[info] 
[debug] [2022-05-05T10:57:59.314Z] >>> [apiv2][query] GET https://www.gstatic.com/firebasejs/releases.json [none]
[debug] [2022-05-05T10:57:59.568Z] <<< [apiv2][status] GET https://www.gstatic.com/firebasejs/releases.json 200
[debug] [2022-05-05T10:57:59.569Z] <<< [apiv2][body] GET https://www.gstatic.com/firebasejs/releases.json {"current":{"version":"9.7.0","browserURL":"https://www.gstatic.com/firebasejs/9.7.0/firebase.js","packageURL":"https://www.gstatic.com/firebasejs/9.7.0/firebase.tgz"},"live":{"version":"9.7","browserURL":"https://www.gstatic.com/firebasejs/live/9.7/firebase.js","packageURL":"https://www.gstatic.com/firebasejs/live/9.7/firebase.tgz"},"components":{"analytics":"https://www.gstatic.com/firebasejs/9.7.0/firebase-analytics.js","app":"https://www.gstatic.com/firebasejs/9.7.0/firebase-app.js","app-check":"https://www.gstatic.com/firebasejs/9.7.0/firebase-app-check.js","auth":"https://www.gstatic.com/firebasejs/9.7.0/firebase-auth.js","auth/cordova":"https://www.gstatic.com/firebasejs/9.7.0/firebase-auth/cordova.js","auth/react-native":"https://www.gstatic.com/firebasejs/9.7.0/firebase-auth/react-native.js","functions":"https://www.gstatic.com/firebasejs/9.7.0/firebase-functions.js","firestore":"https://www.gstatic.com/firebasejs/9.7.0/firebase-firestore.js","firestore/lite":"https://www.gstatic.com/firebasejs/9.7.0/firebase-firestore/lite.js","storage":"https://www.gstatic.com/firebasejs/9.7.0/firebase-storage.js","performance":"https://www.gstatic.com/firebasejs/9.7.0/firebase-performance.js","remote-config":"https://www.gstatic.com/firebasejs/9.7.0/firebase-remote-config.js","messaging":"https://www.gstatic.com/firebasejs/9.7.0/firebase-messaging.js","messaging/sw":"https://www.gstatic.com/firebasejs/9.7.0/firebase-messaging/sw.js","database":"https://www.gstatic.com/firebasejs/9.7.0/firebase-database.js","firestore.memory":"https://www.gstatic.com/firebasejs/9.7.0/firebase-firestore.memory.js"}}
[info] ✔  Wrote yes/index.html 
[info] 
[info] i  Detected a .git folder at /Users/andy/Desktop/personal/Darkhan Deed/darkhandeed 
[info] i  Authorizing with GitHub to upload your service account to a GitHub repository's secrets store. 
[info] 
[info] Visit this URL on this device to log in:
[info] https://github.com/login/oauth/authorize?client_id=89cf50f02ac6aaed3484&state=298723195&redirect_uri=http%3A%2F%2Flocalhost%3A9005&scope=read%3Auser%20repo%20public_repo
[info] 
[info] Waiting for authentication...
